running egg_info
creating ../build/robot_spawner_pkg/robot_spawner_pkg.egg-info
writing ../build/robot_spawner_pkg/robot_spawner_pkg.egg-info/PKG-INFO
writing dependency_links to ../build/robot_spawner_pkg/robot_spawner_pkg.egg-info/dependency_links.txt
writing entry points to ../build/robot_spawner_pkg/robot_spawner_pkg.egg-info/entry_points.txt
writing requirements to ../build/robot_spawner_pkg/robot_spawner_pkg.egg-info/requires.txt
writing top-level names to ../build/robot_spawner_pkg/robot_spawner_pkg.egg-info/top_level.txt
writing manifest file '../build/robot_spawner_pkg/robot_spawner_pkg.egg-info/SOURCES.txt'
reading manifest file '../build/robot_spawner_pkg/robot_spawner_pkg.egg-info/SOURCES.txt'
writing manifest file '../build/robot_spawner_pkg/robot_spawner_pkg.egg-info/SOURCES.txt'
running build
running build_py
creating /home/jyu34/Documents/wolfwagen/wolfwagen/gazebo_sim/build/robot_spawner_pkg/build
creating /home/jyu34/Documents/wolfwagen/wolfwagen/gazebo_sim/build/robot_spawner_pkg/build/lib
creating /home/jyu34/Documents/wolfwagen/wolfwagen/gazebo_sim/build/robot_spawner_pkg/build/lib/robot_spawner_pkg
copying robot_spawner_pkg/spawn_demo.py -> /home/jyu34/Documents/wolfwagen/wolfwagen/gazebo_sim/build/robot_spawner_pkg/build/lib/robot_spawner_pkg
copying robot_spawner_pkg/__init__.py -> /home/jyu34/Documents/wolfwagen/wolfwagen/gazebo_sim/build/robot_spawner_pkg/build/lib/robot_spawner_pkg
running install
running install_lib
creating /home/jyu34/Documents/wolfwagen/wolfwagen/gazebo_sim/install/robot_spawner_pkg/lib/python3.8/site-packages/robot_spawner_pkg
copying /home/jyu34/Documents/wolfwagen/wolfwagen/gazebo_sim/build/robot_spawner_pkg/build/lib/robot_spawner_pkg/spawn_demo.py -> /home/jyu34/Documents/wolfwagen/wolfwagen/gazebo_sim/install/robot_spawner_pkg/lib/python3.8/site-packages/robot_spawner_pkg
copying /home/jyu34/Documents/wolfwagen/wolfwagen/gazebo_sim/build/robot_spawner_pkg/build/lib/robot_spawner_pkg/__init__.py -> /home/jyu34/Documents/wolfwagen/wolfwagen/gazebo_sim/install/robot_spawner_pkg/lib/python3.8/site-packages/robot_spawner_pkg
byte-compiling /home/jyu34/Documents/wolfwagen/wolfwagen/gazebo_sim/install/robot_spawner_pkg/lib/python3.8/site-packages/robot_spawner_pkg/spawn_demo.py to spawn_demo.cpython-38.pyc
byte-compiling /home/jyu34/Documents/wolfwagen/wolfwagen/gazebo_sim/install/robot_spawner_pkg/lib/python3.8/site-packages/robot_spawner_pkg/__init__.py to __init__.cpython-38.pyc
running install_data
creating /home/jyu34/Documents/wolfwagen/wolfwagen/gazebo_sim/install/robot_spawner_pkg/share/ament_index
creating /home/jyu34/Documents/wolfwagen/wolfwagen/gazebo_sim/install/robot_spawner_pkg/share/ament_index/resource_index
creating /home/jyu34/Documents/wolfwagen/wolfwagen/gazebo_sim/install/robot_spawner_pkg/share/ament_index/resource_index/packages
copying resource/robot_spawner_pkg -> /home/jyu34/Documents/wolfwagen/wolfwagen/gazebo_sim/install/robot_spawner_pkg/share/ament_index/resource_index/packages
copying package.xml -> /home/jyu34/Documents/wolfwagen/wolfwagen/gazebo_sim/install/robot_spawner_pkg/share/robot_spawner_pkg
creating /home/jyu34/Documents/wolfwagen/wolfwagen/gazebo_sim/install/robot_spawner_pkg/share/robot_spawner_pkg/launch
copying launch/gazebo_world.launch.py -> /home/jyu34/Documents/wolfwagen/wolfwagen/gazebo_sim/install/robot_spawner_pkg/share/robot_spawner_pkg/launch
creating /home/jyu34/Documents/wolfwagen/wolfwagen/gazebo_sim/install/robot_spawner_pkg/share/robot_spawner_pkg/worlds
copying ./worlds/warehouse.world -> /home/jyu34/Documents/wolfwagen/wolfwagen/gazebo_sim/install/robot_spawner_pkg/share/robot_spawner_pkg/worlds/
creating /home/jyu34/Documents/wolfwagen/wolfwagen/gazebo_sim/install/robot_spawner_pkg/share/robot_spawner_pkg/models
creating /home/jyu34/Documents/wolfwagen/wolfwagen/gazebo_sim/install/robot_spawner_pkg/share/robot_spawner_pkg/models/small_warehouse
copying ./models/small_warehouse/model.sdf -> /home/jyu34/Documents/wolfwagen/wolfwagen/gazebo_sim/install/robot_spawner_pkg/share/robot_spawner_pkg/models/small_warehouse/
copying ./models/small_warehouse/model.config -> /home/jyu34/Documents/wolfwagen/wolfwagen/gazebo_sim/install/robot_spawner_pkg/share/robot_spawner_pkg/models/small_warehouse/
creating /home/jyu34/Documents/wolfwagen/wolfwagen/gazebo_sim/install/robot_spawner_pkg/share/robot_spawner_pkg/models/mobile_robot
copying ./models/mobile_robot/model.sdf -> /home/jyu34/Documents/wolfwagen/wolfwagen/gazebo_sim/install/robot_spawner_pkg/share/robot_spawner_pkg/models/mobile_robot/
copying ./models/mobile_robot/model.config -> /home/jyu34/Documents/wolfwagen/wolfwagen/gazebo_sim/install/robot_spawner_pkg/share/robot_spawner_pkg/models/mobile_robot/
copying ./worlds/warehouse.world -> /home/jyu34/Documents/wolfwagen/wolfwagen/gazebo_sim/install/robot_spawner_pkg/share/robot_spawner_pkg/models/
running install_egg_info
Copying ../build/robot_spawner_pkg/robot_spawner_pkg.egg-info to /home/jyu34/Documents/wolfwagen/wolfwagen/gazebo_sim/install/robot_spawner_pkg/lib/python3.8/site-packages/robot_spawner_pkg-0.0.0-py3.8.egg-info
running install_scripts
Installing spawn_demo script to /home/jyu34/Documents/wolfwagen/wolfwagen/gazebo_sim/install/robot_spawner_pkg/lib/robot_spawner_pkg
writing list of installed files to '/home/jyu34/Documents/wolfwagen/wolfwagen/gazebo_sim/build/robot_spawner_pkg/install.log'
