[0.141s] DEBUG:colcon:Command line arguments: ['/usr/bin/colcon', 'build', '--symlink-install', '--packages-select', 'robot_spawner_pkg']
[0.141s] DEBUG:colcon:Parsed command line arguments: Namespace(allow_overriding=[], ament_cmake_args=None, base_paths=['.'], build_base='build', catkin_cmake_args=None, catkin_skip_building_tests=False, cmake_args=None, cmake_clean_cache=False, cmake_clean_first=False, cmake_force_configure=False, cmake_target=None, cmake_target_skip_unavailable=False, continue_on_error=False, event_handlers=None, executor='parallel', ignore_user_meta=False, install_base='install', log_base=None, log_level=None, main=<bound method BuildVerb.main of <colcon_core.verb.build.BuildVerb object at 0x7f0957545b20>>, merge_install=False, metas=['./colcon.meta'], packages_above=None, packages_above_and_dependencies=None, packages_above_depth=None, packages_end=None, packages_ignore=None, packages_ignore_regex=None, packages_select=['robot_spawner_pkg'], packages_select_build_failed=False, packages_select_by_dep=None, packages_select_regex=None, packages_select_test_failures=False, packages_skip=None, packages_skip_build_finished=False, packages_skip_by_dep=None, packages_skip_regex=None, packages_skip_test_passed=False, packages_skip_up_to=None, packages_start=None, packages_up_to=None, packages_up_to_regex=None, parallel_workers=20, paths=None, symlink_install=True, test_result_base=None, verb_extension=<colcon_core.verb.build.BuildVerb object at 0x7f0957545b20>, verb_name='build', verb_parser=<colcon_defaults.argument_parser.defaults.DefaultArgumentsDecorator object at 0x7f095754b0d0>)
[0.154s] Level 1:colcon.colcon_core.package_discovery:discover_packages(colcon_meta) check parameters
[0.154s] Level 1:colcon.colcon_core.package_discovery:discover_packages(recursive) check parameters
[0.154s] Level 1:colcon.colcon_core.package_discovery:discover_packages(ignore) check parameters
[0.154s] Level 1:colcon.colcon_core.package_discovery:discover_packages(path) check parameters
[0.154s] Level 1:colcon.colcon_core.package_discovery:discover_packages(colcon_meta) discover
[0.154s] Level 1:colcon.colcon_core.package_discovery:discover_packages(recursive) discover
[0.154s] INFO:colcon.colcon_core.package_discovery:Crawling recursively for packages in '/home/jyu34/Documents/wolfwagen/wolfwagen/gazebo_sim'
[0.154s] Level 1:colcon.colcon_core.package_identification:_identify(.) by extensions ['ignore', 'ignore_ament_install']
[0.154s] Level 1:colcon.colcon_core.package_identification:_identify(.) by extension 'ignore'
[0.154s] Level 1:colcon.colcon_core.package_identification:_identify(.) by extension 'ignore_ament_install'
[0.154s] Level 1:colcon.colcon_core.package_identification:_identify(.) by extensions ['colcon_pkg']
[0.154s] Level 1:colcon.colcon_core.package_identification:_identify(.) by extension 'colcon_pkg'
[0.154s] Level 1:colcon.colcon_core.package_identification:_identify(.) by extensions ['colcon_meta']
[0.154s] Level 1:colcon.colcon_core.package_identification:_identify(.) by extension 'colcon_meta'
[0.154s] Level 1:colcon.colcon_core.package_identification:_identify(.) by extensions ['ros']
[0.154s] Level 1:colcon.colcon_core.package_identification:_identify(.) by extension 'ros'
[0.164s] Level 1:colcon.colcon_core.package_identification:_identify(.) by extensions ['cmake', 'python']
[0.164s] Level 1:colcon.colcon_core.package_identification:_identify(.) by extension 'cmake'
[0.164s] Level 1:colcon.colcon_core.package_identification:_identify(.) by extension 'python'
[0.164s] Level 1:colcon.colcon_core.package_identification:_identify(.) by extensions ['python_setup_py']
[0.164s] Level 1:colcon.colcon_core.package_identification:_identify(.) by extension 'python_setup_py'
[0.164s] Level 1:colcon.colcon_core.package_identification:_identify(build) by extensions ['ignore', 'ignore_ament_install']
[0.164s] Level 1:colcon.colcon_core.package_identification:_identify(build) by extension 'ignore'
[0.164s] Level 1:colcon.colcon_core.package_identification:_identify(build) ignored
[0.164s] Level 1:colcon.colcon_core.package_identification:_identify(install) by extensions ['ignore', 'ignore_ament_install']
[0.164s] Level 1:colcon.colcon_core.package_identification:_identify(install) by extension 'ignore'
[0.164s] Level 1:colcon.colcon_core.package_identification:_identify(install) ignored
[0.164s] Level 1:colcon.colcon_core.package_identification:_identify(log) by extensions ['ignore', 'ignore_ament_install']
[0.164s] Level 1:colcon.colcon_core.package_identification:_identify(log) by extension 'ignore'
[0.164s] Level 1:colcon.colcon_core.package_identification:_identify(log) ignored
[0.164s] Level 1:colcon.colcon_core.package_identification:_identify(robot_controller_pkg) by extensions ['ignore', 'ignore_ament_install']
[0.164s] Level 1:colcon.colcon_core.package_identification:_identify(robot_controller_pkg) by extension 'ignore'
[0.164s] Level 1:colcon.colcon_core.package_identification:_identify(robot_controller_pkg) by extension 'ignore_ament_install'
[0.164s] Level 1:colcon.colcon_core.package_identification:_identify(robot_controller_pkg) by extensions ['colcon_pkg']
[0.164s] Level 1:colcon.colcon_core.package_identification:_identify(robot_controller_pkg) by extension 'colcon_pkg'
[0.164s] Level 1:colcon.colcon_core.package_identification:_identify(robot_controller_pkg) by extensions ['colcon_meta']
[0.164s] Level 1:colcon.colcon_core.package_identification:_identify(robot_controller_pkg) by extension 'colcon_meta'
[0.164s] Level 1:colcon.colcon_core.package_identification:_identify(robot_controller_pkg) by extensions ['ros']
[0.164s] Level 1:colcon.colcon_core.package_identification:_identify(robot_controller_pkg) by extension 'ros'
[0.166s] DEBUG:colcon.colcon_core.package_identification:Package 'robot_controller_pkg' with type 'ros.ament_python' and name 'robot_controller_pkg'
[0.166s] Level 1:colcon.colcon_core.package_identification:_identify(robot_spawner_pkg) by extensions ['ignore', 'ignore_ament_install']
[0.166s] Level 1:colcon.colcon_core.package_identification:_identify(robot_spawner_pkg) by extension 'ignore'
[0.166s] Level 1:colcon.colcon_core.package_identification:_identify(robot_spawner_pkg) by extension 'ignore_ament_install'
[0.166s] Level 1:colcon.colcon_core.package_identification:_identify(robot_spawner_pkg) by extensions ['colcon_pkg']
[0.166s] Level 1:colcon.colcon_core.package_identification:_identify(robot_spawner_pkg) by extension 'colcon_pkg'
[0.166s] Level 1:colcon.colcon_core.package_identification:_identify(robot_spawner_pkg) by extensions ['colcon_meta']
[0.166s] Level 1:colcon.colcon_core.package_identification:_identify(robot_spawner_pkg) by extension 'colcon_meta'
[0.166s] Level 1:colcon.colcon_core.package_identification:_identify(robot_spawner_pkg) by extensions ['ros']
[0.166s] Level 1:colcon.colcon_core.package_identification:_identify(robot_spawner_pkg) by extension 'ros'
[0.166s] DEBUG:colcon.colcon_core.package_identification:Package 'robot_spawner_pkg' with type 'ros.ament_python' and name 'robot_spawner_pkg'
[0.166s] Level 1:colcon.colcon_core.package_discovery:discover_packages(recursive) using defaults
[0.166s] Level 1:colcon.colcon_core.package_discovery:discover_packages(ignore) discover
[0.166s] Level 1:colcon.colcon_core.package_discovery:discover_packages(ignore) using defaults
[0.166s] Level 1:colcon.colcon_core.package_discovery:discover_packages(path) discover
[0.166s] Level 1:colcon.colcon_core.package_discovery:discover_packages(path) using defaults
[0.176s] INFO:colcon.colcon_core.package_selection:Skipping not selected package 'robot_controller_pkg' in 'robot_controller_pkg'
[0.176s] Level 1:colcon.colcon_core.package_discovery:discover_packages(prefix_path) check parameters
[0.176s] Level 1:colcon.colcon_core.package_discovery:discover_packages(prefix_path) discover
[0.178s] DEBUG:colcon.colcon_installed_package_information.package_discovery:Found 2 installed packages in /home/jyu34/Documents/wolfwagen/wolfwagen/gazebo_sim/install
[0.178s] DEBUG:colcon.colcon_installed_package_information.package_discovery:Found 0 installed packages in /home/jyu34/install
[0.178s] DEBUG:colcon.colcon_installed_package_information.package_discovery:Found 9 installed packages in /home/jyu34/ws/install
[0.179s] DEBUG:colcon.colcon_installed_package_information.package_discovery:Found 272 installed packages in /opt/ros/foxy
[0.180s] Level 1:colcon.colcon_core.package_discovery:discover_packages(prefix_path) using defaults
[0.211s] Level 5:colcon.colcon_core.verb:set package 'robot_spawner_pkg' build argument 'cmake_args' from command line to 'None'
[0.211s] Level 5:colcon.colcon_core.verb:set package 'robot_spawner_pkg' build argument 'cmake_target' from command line to 'None'
[0.211s] Level 5:colcon.colcon_core.verb:set package 'robot_spawner_pkg' build argument 'cmake_target_skip_unavailable' from command line to 'False'
[0.211s] Level 5:colcon.colcon_core.verb:set package 'robot_spawner_pkg' build argument 'cmake_clean_cache' from command line to 'False'
[0.211s] Level 5:colcon.colcon_core.verb:set package 'robot_spawner_pkg' build argument 'cmake_clean_first' from command line to 'False'
[0.211s] Level 5:colcon.colcon_core.verb:set package 'robot_spawner_pkg' build argument 'cmake_force_configure' from command line to 'False'
[0.211s] Level 5:colcon.colcon_core.verb:set package 'robot_spawner_pkg' build argument 'ament_cmake_args' from command line to 'None'
[0.211s] Level 5:colcon.colcon_core.verb:set package 'robot_spawner_pkg' build argument 'catkin_cmake_args' from command line to 'None'
[0.211s] Level 5:colcon.colcon_core.verb:set package 'robot_spawner_pkg' build argument 'catkin_skip_building_tests' from command line to 'False'
[0.211s] DEBUG:colcon.colcon_core.verb:Building package 'robot_spawner_pkg' with the following arguments: {'ament_cmake_args': None, 'build_base': '/home/jyu34/Documents/wolfwagen/wolfwagen/gazebo_sim/build/robot_spawner_pkg', 'catkin_cmake_args': None, 'catkin_skip_building_tests': False, 'cmake_args': None, 'cmake_clean_cache': False, 'cmake_clean_first': False, 'cmake_force_configure': False, 'cmake_target': None, 'cmake_target_skip_unavailable': False, 'install_base': '/home/jyu34/Documents/wolfwagen/wolfwagen/gazebo_sim/install/robot_spawner_pkg', 'merge_install': False, 'path': '/home/jyu34/Documents/wolfwagen/wolfwagen/gazebo_sim/robot_spawner_pkg', 'symlink_install': True, 'test_result_base': None}
[0.212s] INFO:colcon.colcon_core.executor:Executing jobs using 'parallel' executor
[0.213s] DEBUG:colcon.colcon_parallel_executor.executor.parallel:run_until_complete
[0.213s] INFO:colcon.colcon_ros.task.ament_python.build:Building ROS package in '/home/jyu34/Documents/wolfwagen/wolfwagen/gazebo_sim/robot_spawner_pkg' with build type 'ament_python'
[0.213s] Level 1:colcon.colcon_core.shell:create_environment_hook('robot_spawner_pkg', 'ament_prefix_path')
[0.215s] INFO:colcon.colcon_core.plugin_system:Skipping extension 'colcon_core.shell.bat': Not used on non-Windows systems
[0.216s] INFO:colcon.colcon_core.shell:Creating environment hook '/home/jyu34/Documents/wolfwagen/wolfwagen/gazebo_sim/install/robot_spawner_pkg/share/robot_spawner_pkg/hook/ament_prefix_path.ps1'
[0.216s] INFO:colcon.colcon_core.shell:Creating environment descriptor '/home/jyu34/Documents/wolfwagen/wolfwagen/gazebo_sim/install/robot_spawner_pkg/share/robot_spawner_pkg/hook/ament_prefix_path.dsv'
[0.216s] INFO:colcon.colcon_core.shell:Creating environment hook '/home/jyu34/Documents/wolfwagen/wolfwagen/gazebo_sim/install/robot_spawner_pkg/share/robot_spawner_pkg/hook/ament_prefix_path.sh'
[0.217s] INFO:colcon.colcon_core.shell:Skip shell extension 'powershell' for command environment: Not usable outside of PowerShell
[0.217s] DEBUG:colcon.colcon_core.shell:Skip shell extension 'dsv' for command environment
[0.327s] INFO:colcon.colcon_core.task.python.build:Building Python package in '/home/jyu34/Documents/wolfwagen/wolfwagen/gazebo_sim/robot_spawner_pkg'
[0.328s] INFO:colcon.colcon_core.shell:Skip shell extension 'powershell' for command environment: Not usable outside of PowerShell
[0.328s] DEBUG:colcon.colcon_core.shell:Skip shell extension 'dsv' for command environment
[0.512s] DEBUG:colcon.colcon_core.event_handler.log_command:Invoking command in '/home/jyu34/Documents/wolfwagen/wolfwagen/gazebo_sim/build/robot_spawner_pkg': PYTHONPATH=/home/jyu34/Documents/wolfwagen/wolfwagen/gazebo_sim/build/robot_spawner_pkg/prefix_override:/home/jyu34/Documents/wolfwagen/wolfwagen/gazebo_sim/install/robot_spawner_pkg/lib/python3.8/site-packages:${PYTHONPATH} /usr/bin/python3 setup.py develop --editable --build-directory /home/jyu34/Documents/wolfwagen/wolfwagen/gazebo_sim/build/robot_spawner_pkg/build --no-deps install_data
[0.722s] Level 1:colcon.colcon_core.shell:create_environment_hook('robot_spawner_pkg', 'pythonpath_develop')
[0.723s] DEBUG:colcon.colcon_core.event_handler.log_command:Invoked command in '/home/jyu34/Documents/wolfwagen/wolfwagen/gazebo_sim/build/robot_spawner_pkg' returned '0': PYTHONPATH=/home/jyu34/Documents/wolfwagen/wolfwagen/gazebo_sim/build/robot_spawner_pkg/prefix_override:/home/jyu34/Documents/wolfwagen/wolfwagen/gazebo_sim/install/robot_spawner_pkg/lib/python3.8/site-packages:${PYTHONPATH} /usr/bin/python3 setup.py develop --editable --build-directory /home/jyu34/Documents/wolfwagen/wolfwagen/gazebo_sim/build/robot_spawner_pkg/build --no-deps install_data
[0.724s] INFO:colcon.colcon_core.shell:Creating environment hook '/home/jyu34/Documents/wolfwagen/wolfwagen/gazebo_sim/build/robot_spawner_pkg/share/robot_spawner_pkg/hook/pythonpath_develop.ps1'
[0.724s] INFO:colcon.colcon_core.shell:Creating environment descriptor '/home/jyu34/Documents/wolfwagen/wolfwagen/gazebo_sim/build/robot_spawner_pkg/share/robot_spawner_pkg/hook/pythonpath_develop.dsv'
[0.724s] INFO:colcon.colcon_core.shell:Creating environment hook '/home/jyu34/Documents/wolfwagen/wolfwagen/gazebo_sim/build/robot_spawner_pkg/share/robot_spawner_pkg/hook/pythonpath_develop.sh'
[0.727s] Level 1:colcon.colcon_core.environment:checking '/home/jyu34/Documents/wolfwagen/wolfwagen/gazebo_sim/install/robot_spawner_pkg' for CMake module files
[0.727s] Level 1:colcon.colcon_core.environment:checking '/home/jyu34/Documents/wolfwagen/wolfwagen/gazebo_sim/install/robot_spawner_pkg' for CMake config files
[0.728s] Level 1:colcon.colcon_core.environment:checking '/home/jyu34/Documents/wolfwagen/wolfwagen/gazebo_sim/install/robot_spawner_pkg/lib'
[0.728s] Level 1:colcon.colcon_core.environment:checking '/home/jyu34/Documents/wolfwagen/wolfwagen/gazebo_sim/install/robot_spawner_pkg/bin'
[0.728s] Level 1:colcon.colcon_core.environment:checking '/home/jyu34/Documents/wolfwagen/wolfwagen/gazebo_sim/install/robot_spawner_pkg/lib/pkgconfig/robot_spawner_pkg.pc'
[0.728s] Level 1:colcon.colcon_core.environment:checking '/home/jyu34/Documents/wolfwagen/wolfwagen/gazebo_sim/install/robot_spawner_pkg/lib/python3.8/site-packages'
[0.728s] Level 1:colcon.colcon_core.shell:create_environment_hook('robot_spawner_pkg', 'pythonpath')
[0.728s] INFO:colcon.colcon_core.shell:Creating environment hook '/home/jyu34/Documents/wolfwagen/wolfwagen/gazebo_sim/install/robot_spawner_pkg/share/robot_spawner_pkg/hook/pythonpath.ps1'
[0.729s] INFO:colcon.colcon_core.shell:Creating environment descriptor '/home/jyu34/Documents/wolfwagen/wolfwagen/gazebo_sim/install/robot_spawner_pkg/share/robot_spawner_pkg/hook/pythonpath.dsv'
[0.729s] INFO:colcon.colcon_core.shell:Creating environment hook '/home/jyu34/Documents/wolfwagen/wolfwagen/gazebo_sim/install/robot_spawner_pkg/share/robot_spawner_pkg/hook/pythonpath.sh'
[0.729s] Level 1:colcon.colcon_core.environment:checking '/home/jyu34/Documents/wolfwagen/wolfwagen/gazebo_sim/install/robot_spawner_pkg/bin'
[0.729s] Level 1:colcon.colcon_core.environment:create_environment_scripts_only(robot_spawner_pkg)
[0.730s] INFO:colcon.colcon_core.shell:Creating package script '/home/jyu34/Documents/wolfwagen/wolfwagen/gazebo_sim/install/robot_spawner_pkg/share/robot_spawner_pkg/package.ps1'
[0.730s] INFO:colcon.colcon_core.shell:Creating package descriptor '/home/jyu34/Documents/wolfwagen/wolfwagen/gazebo_sim/install/robot_spawner_pkg/share/robot_spawner_pkg/package.dsv'
[0.730s] INFO:colcon.colcon_core.shell:Creating package script '/home/jyu34/Documents/wolfwagen/wolfwagen/gazebo_sim/install/robot_spawner_pkg/share/robot_spawner_pkg/package.sh'
[0.731s] INFO:colcon.colcon_core.shell:Creating package script '/home/jyu34/Documents/wolfwagen/wolfwagen/gazebo_sim/install/robot_spawner_pkg/share/robot_spawner_pkg/package.bash'
[0.731s] INFO:colcon.colcon_core.shell:Creating package script '/home/jyu34/Documents/wolfwagen/wolfwagen/gazebo_sim/install/robot_spawner_pkg/share/robot_spawner_pkg/package.zsh'
[0.731s] Level 1:colcon.colcon_core.environment:create_file_with_runtime_dependencies(/home/jyu34/Documents/wolfwagen/wolfwagen/gazebo_sim/install/robot_spawner_pkg/share/colcon-core/packages/robot_spawner_pkg)
[0.731s] DEBUG:colcon.colcon_parallel_executor.executor.parallel:closing loop
[0.732s] DEBUG:colcon.colcon_parallel_executor.executor.parallel:loop closed
[0.732s] DEBUG:colcon.colcon_parallel_executor.executor.parallel:run_until_complete finished with '0'
[0.732s] DEBUG:colcon.colcon_core.event_reactor:joining thread
[0.736s] INFO:colcon.colcon_core.plugin_system:Skipping extension 'colcon_notification.desktop_notification.terminal_notifier': Not used on non-Darwin systems
[0.736s] INFO:colcon.colcon_core.plugin_system:Skipping extension 'colcon_notification.desktop_notification.win32': Not used on non-Windows systems
[0.736s] INFO:colcon.colcon_notification.desktop_notification:Sending desktop notification using 'notify2'
[0.748s] DEBUG:colcon.colcon_core.event_reactor:joined thread
[0.749s] INFO:colcon.colcon_core.shell:Creating prefix script '/home/jyu34/Documents/wolfwagen/wolfwagen/gazebo_sim/install/local_setup.ps1'
[0.750s] INFO:colcon.colcon_core.shell:Creating prefix util module '/home/jyu34/Documents/wolfwagen/wolfwagen/gazebo_sim/install/_local_setup_util_ps1.py'
[0.751s] INFO:colcon.colcon_core.shell:Creating prefix chain script '/home/jyu34/Documents/wolfwagen/wolfwagen/gazebo_sim/install/setup.ps1'
[0.752s] INFO:colcon.colcon_core.shell:Creating prefix script '/home/jyu34/Documents/wolfwagen/wolfwagen/gazebo_sim/install/local_setup.sh'
[0.752s] INFO:colcon.colcon_core.shell:Creating prefix util module '/home/jyu34/Documents/wolfwagen/wolfwagen/gazebo_sim/install/_local_setup_util_sh.py'
[0.752s] INFO:colcon.colcon_core.shell:Creating prefix chain script '/home/jyu34/Documents/wolfwagen/wolfwagen/gazebo_sim/install/setup.sh'
[0.753s] INFO:colcon.colcon_core.shell:Creating prefix script '/home/jyu34/Documents/wolfwagen/wolfwagen/gazebo_sim/install/local_setup.bash'
[0.754s] INFO:colcon.colcon_core.shell:Creating prefix chain script '/home/jyu34/Documents/wolfwagen/wolfwagen/gazebo_sim/install/setup.bash'
[0.754s] INFO:colcon.colcon_core.shell:Creating prefix script '/home/jyu34/Documents/wolfwagen/wolfwagen/gazebo_sim/install/local_setup.zsh'
[0.755s] INFO:colcon.colcon_core.shell:Creating prefix chain script '/home/jyu34/Documents/wolfwagen/wolfwagen/gazebo_sim/install/setup.zsh'
