running develop
running egg_info
creating robot_controller_pkg.egg-info
writing robot_controller_pkg.egg-info/PKG-INFO
writing dependency_links to robot_controller_pkg.egg-info/dependency_links.txt
writing entry points to robot_controller_pkg.egg-info/entry_points.txt
writing requirements to robot_controller_pkg.egg-info/requires.txt
writing top-level names to robot_controller_pkg.egg-info/top_level.txt
writing manifest file 'robot_controller_pkg.egg-info/SOURCES.txt'
reading manifest file 'robot_controller_pkg.egg-info/SOURCES.txt'
writing manifest file 'robot_controller_pkg.egg-info/SOURCES.txt'
running build_ext
Creating /home/jyu34/Documents/wolfwagen/wolfwagen/gazebo_sim/install/robot_controller_pkg/lib/python3.8/site-packages/site.py
Creating /home/jyu34/Documents/wolfwagen/wolfwagen/gazebo_sim/install/robot_controller_pkg/lib/python3.8/site-packages/robot-controller-pkg.egg-link (link to .)
Installing robot_controller script to /home/jyu34/Documents/wolfwagen/wolfwagen/gazebo_sim/install/robot_controller_pkg/lib/robot_controller_pkg
Installing robot_estimator script to /home/jyu34/Documents/wolfwagen/wolfwagen/gazebo_sim/install/robot_controller_pkg/lib/robot_controller_pkg

Installed /home/jyu34/Documents/wolfwagen/wolfwagen/gazebo_sim/build/robot_controller_pkg
running install_data
creating /home/jyu34/Documents/wolfwagen/wolfwagen/gazebo_sim/install/robot_controller_pkg/share/ament_index
creating /home/jyu34/Documents/wolfwagen/wolfwagen/gazebo_sim/install/robot_controller_pkg/share/ament_index/resource_index
creating /home/jyu34/Documents/wolfwagen/wolfwagen/gazebo_sim/install/robot_controller_pkg/share/ament_index/resource_index/packages
copying resource/robot_controller_pkg -> /home/jyu34/Documents/wolfwagen/wolfwagen/gazebo_sim/install/robot_controller_pkg/share/ament_index/resource_index/packages
copying package.xml -> /home/jyu34/Documents/wolfwagen/wolfwagen/gazebo_sim/install/robot_controller_pkg/share/robot_controller_pkg
copying launch/controller_estimator.launch.py -> /home/jyu34/Documents/wolfwagen/wolfwagen/gazebo_sim/install/robot_controller_pkg/share/robot_controller_pkg
