[0.293s] Invoking command in '/home/jyu34/Documents/wolfwagen/wolfwagen/gazebo_sim/build/robot_controller_pkg': PYTHONPATH=/home/jyu34/Documents/wolfwagen/wolfwagen/gazebo_sim/build/robot_controller_pkg/prefix_override:/home/jyu34/Documents/wolfwagen/wolfwagen/gazebo_sim/install/robot_controller_pkg/lib/python3.8/site-packages:${PYTHONPATH} /usr/bin/python3 setup.py develop --editable --build-directory /home/jyu34/Documents/wolfwagen/wolfwagen/gazebo_sim/build/robot_controller_pkg/build --no-deps install_data
[0.402s] running develop
[0.464s] running egg_info
[0.464s] creating robot_controller_pkg.egg-info
[0.464s] writing robot_controller_pkg.egg-info/PKG-INFO
[0.464s] writing dependency_links to robot_controller_pkg.egg-info/dependency_links.txt
[0.464s] writing entry points to robot_controller_pkg.egg-info/entry_points.txt
[0.465s] writing requirements to robot_controller_pkg.egg-info/requires.txt
[0.465s] writing top-level names to robot_controller_pkg.egg-info/top_level.txt
[0.465s] writing manifest file 'robot_controller_pkg.egg-info/SOURCES.txt'
[0.480s] reading manifest file 'robot_controller_pkg.egg-info/SOURCES.txt'
[0.480s] writing manifest file 'robot_controller_pkg.egg-info/SOURCES.txt'
[0.496s] running build_ext
[0.496s] Creating /home/jyu34/Documents/wolfwagen/wolfwagen/gazebo_sim/install/robot_controller_pkg/lib/python3.8/site-packages/site.py
[0.497s] Creating /home/jyu34/Documents/wolfwagen/wolfwagen/gazebo_sim/install/robot_controller_pkg/lib/python3.8/site-packages/robot-controller-pkg.egg-link (link to .)
[0.497s] Installing robot_controller script to /home/jyu34/Documents/wolfwagen/wolfwagen/gazebo_sim/install/robot_controller_pkg/lib/robot_controller_pkg
[0.497s] Installing robot_estimator script to /home/jyu34/Documents/wolfwagen/wolfwagen/gazebo_sim/install/robot_controller_pkg/lib/robot_controller_pkg
[0.497s] 
[0.497s] Installed /home/jyu34/Documents/wolfwagen/wolfwagen/gazebo_sim/build/robot_controller_pkg
[0.497s] running install_data
[0.498s] creating /home/jyu34/Documents/wolfwagen/wolfwagen/gazebo_sim/install/robot_controller_pkg/share/ament_index
[0.498s] creating /home/jyu34/Documents/wolfwagen/wolfwagen/gazebo_sim/install/robot_controller_pkg/share/ament_index/resource_index
[0.498s] creating /home/jyu34/Documents/wolfwagen/wolfwagen/gazebo_sim/install/robot_controller_pkg/share/ament_index/resource_index/packages
[0.498s] copying resource/robot_controller_pkg -> /home/jyu34/Documents/wolfwagen/wolfwagen/gazebo_sim/install/robot_controller_pkg/share/ament_index/resource_index/packages
[0.498s] copying package.xml -> /home/jyu34/Documents/wolfwagen/wolfwagen/gazebo_sim/install/robot_controller_pkg/share/robot_controller_pkg
[0.498s] copying launch/controller_estimator.launch.py -> /home/jyu34/Documents/wolfwagen/wolfwagen/gazebo_sim/install/robot_controller_pkg/share/robot_controller_pkg
[0.512s] Invoked command in '/home/jyu34/Documents/wolfwagen/wolfwagen/gazebo_sim/build/robot_controller_pkg' returned '0': PYTHONPATH=/home/jyu34/Documents/wolfwagen/wolfwagen/gazebo_sim/build/robot_controller_pkg/prefix_override:/home/jyu34/Documents/wolfwagen/wolfwagen/gazebo_sim/install/robot_controller_pkg/lib/python3.8/site-packages:${PYTHONPATH} /usr/bin/python3 setup.py develop --editable --build-directory /home/jyu34/Documents/wolfwagen/wolfwagen/gazebo_sim/build/robot_controller_pkg/build --no-deps install_data
